<?xml version="1.0" encoding="UTF-8"?>
<testsuite xmlns:xsi="http://www.w3.org/2001/XMLSchema-instance" xsi:noNamespaceSchemaLocation="https://maven.apache.org/surefire/maven-surefire-plugin/xsd/surefire-test-report-3.0.xsd" version="3.0" name="TemperatureConverterTest" time="0.141" tests="7" errors="0" skipped="0" failures="0">
  <properties>
[...]
</properties>
  <testcase name="testFahrenheitToCelsius_BoilingPoint" classname="TemperatureConverterTest" time="0.033"/>
  <testcase name="testIsExtremeTemperature_NormalTemperature" classname="TemperatureConverterTest" time="0.0"/>
  <testcase name="testKelvinToCelsius_ZeroCelsius" classname="TemperatureConverterTest" time="0.002"/>
  <testcase name="testFahrenheitToCelsius_FreezingPoint" classname="TemperatureConverterTest" time="0.0"/>
  <testcase name="testIsExtremeTemperature_AboveUpperBound" classname="TemperatureConverterTest" time="0.0"/>
  <testcase name="testKelvinToCelsius_300K" classname="TemperatureConverterTest" time="0.008"/>
  <testcase name="testCelsiusToFahrenheit_FreezingPoint" classname="TemperatureConverterTest" time="0.0"/>
</testsuite>